{"name": "test_search_admin", "status": "broken", "statusDetails": {"message": "selenium.common.exceptions.TimeoutException: Message: \nStacktrace:\n0   chromedriver                        0x00000001013a4708 cxxbridge1$str$ptr + 2729312\n1   chromedriver                        0x000000010139c96c cxxbridge1$str$ptr + 2697156\n2   chromedriver                        0x0000000100eee728 cxxbridge1$string$len + 90444\n3   chromedriver                        0x0000000100f359b8 cxxbridge1$string$len + 381916\n4   chromedriver                        0x0000000100f770c4 cxxbridge1$string$len + 649960\n5   chromedriver                        0x0000000100f29bc0 cxxbridge1$string$len + 333284\n6   chromedriver                        0x0000000101368298 cxxbridge1$str$ptr + 2482416\n7   chromedriver                        0x000000010136b52c cxxbridge1$str$ptr + 2495364\n8   chromedriver                        0x0000000101349ae0 cxxbridge1$str$ptr + 2357560\n9   chromedriver                        0x000000010136bdb4 cxxbridge1$str$ptr + 2497548\n10  chromedriver                        0x000000010133adec cxxbridge1$str$ptr + 2296900\n11  chromedriver                        0x000000010138bc4c cxxbridge1$str$ptr + 2628260\n12  chromedriver                        0x000000010138bdd8 cxxbridge1$str$ptr + 2628656\n13  chromedriver                        0x000000010139c5b8 cxxbridge1$str$ptr + 2696208\n14  libsystem_pthread.dylib             0x00000001893a6c0c _pthread_start + 136\n15  libsystem_pthread.dylib             0x00000001893a1b80 thread_start + 8", "trace": "login_as_admin = <selenium.webdriver.chrome.webdriver.WebDriver (session=\"e64f588f727a1bb4a54431ebde3ac026\")>\n\n    def test_search_admin(login_as_admin):\n        driver = login_as_admin\n        wait = WebDriverWait(driver, 10)\n        # Click on Admin tab\n        admin_tab = wait.until(EC.element_to_be_clickable((By.LINK_TEXT, \"Admin\")))\n        admin_tab.click()\n    \n        # Search by username\n        username_input = wait.until(\n            EC.visibility_of_element_located((By.XPATH, \"//label[text()='Username']/following::div[1]/input\")))\n        username_input.send_keys(\"Jobinsam@6742\")\n    \n        form = wait.until(EC.visibility_of_element_located((By.CLASS_NAME, \"oxd-form\")))\n        form.submit()\n    \n        # Click edit icon\n>       wait.until(EC.visibility_of_element_located((By.XPATH, \"//div[contains(text(), 'Jobinsam@6742')]\")))\n\ntest_admin.py:84: \n_ _ _ _ _ _ _ _ _ _ _ _ _ _ _ _ _ _ _ _ _ _ _ _ _ _ _ _ _ _ _ _ _ _ _ _ _ _ _ _ _ _ _ _ _ _ _ _ _ _ _ _ _ _ _ _ _ _ _ _ _ _ _\n\nself = <selenium.webdriver.support.wait.WebDriverWait (session=\"e64f588f727a1bb4a54431ebde3ac026\")>\nmethod = <function visibility_of_element_located.<locals>._predicate at 0x1071685e0>, message = ''\n\n    def until(self, method: Callable[[D], Union[Literal[False], T]], message: str = \"\") -> T:\n        \"\"\"Wait until the method returns a value that is not False.\n    \n        Calls the method provided with the driver as an argument until the\n        return value does not evaluate to ``False``.\n    \n        Parameters:\n        -----------\n        method: callable(WebDriver)\n            - A callable object that takes a WebDriver instance as an argument.\n    \n        message: str\n            - Optional message for :exc:`TimeoutException`\n    \n        Return:\n        -------\n        object: T\n            - The result of the last call to `method`\n    \n        Raises:\n        -------\n        TimeoutException\n            - If 'method' does not return a truthy value within the WebDriverWait\n            object's timeout\n    \n        Example:\n        --------\n        >>> from selenium.webdriver.common.by import By\n        >>> from selenium.webdriver.support.ui import WebDriverWait\n        >>> from selenium.webdriver.support import expected_conditions as EC\n    \n        # Wait until an element is visible on the page\n        >>> wait = WebDriverWait(driver, 10)\n        >>> element = wait.until(EC.visibility_of_element_located((By.ID, \"exampleId\")))\n        >>> print(element.text)\n        \"\"\"\n        screen = None\n        stacktrace = None\n    \n        end_time = time.monotonic() + self._timeout\n        while True:\n            try:\n                value = method(self._driver)\n                if value:\n                    return value\n            except self._ignored_exceptions as exc:\n                screen = getattr(exc, \"screen\", None)\n                stacktrace = getattr(exc, \"stacktrace\", None)\n            if time.monotonic() > end_time:\n                break\n            time.sleep(self._poll)\n>       raise TimeoutException(message, screen, stacktrace)\nE       selenium.common.exceptions.TimeoutException: Message: \nE       Stacktrace:\nE       0   chromedriver                        0x00000001013a4708 cxxbridge1$str$ptr + 2729312\nE       1   chromedriver                        0x000000010139c96c cxxbridge1$str$ptr + 2697156\nE       2   chromedriver                        0x0000000100eee728 cxxbridge1$string$len + 90444\nE       3   chromedriver                        0x0000000100f359b8 cxxbridge1$string$len + 381916\nE       4   chromedriver                        0x0000000100f770c4 cxxbridge1$string$len + 649960\nE       5   chromedriver                        0x0000000100f29bc0 cxxbridge1$string$len + 333284\nE       6   chromedriver                        0x0000000101368298 cxxbridge1$str$ptr + 2482416\nE       7   chromedriver                        0x000000010136b52c cxxbridge1$str$ptr + 2495364\nE       8   chromedriver                        0x0000000101349ae0 cxxbridge1$str$ptr + 2357560\nE       9   chromedriver                        0x000000010136bdb4 cxxbridge1$str$ptr + 2497548\nE       10  chromedriver                        0x000000010133adec cxxbridge1$str$ptr + 2296900\nE       11  chromedriver                        0x000000010138bc4c cxxbridge1$str$ptr + 2628260\nE       12  chromedriver                        0x000000010138bdd8 cxxbridge1$str$ptr + 2628656\nE       13  chromedriver                        0x000000010139c5b8 cxxbridge1$str$ptr + 2696208\nE       14  libsystem_pthread.dylib             0x00000001893a6c0c _pthread_start + 136\nE       15  libsystem_pthread.dylib             0x00000001893a1b80 thread_start + 8\n\n.venv/lib/python3.13/site-packages/selenium/webdriver/support/wait.py:138: TimeoutException"}, "start": 1751685885013, "stop": 1751685897484, "uuid": "e8a8608a-bcff-4802-b45b-77d27c27becb", "historyId": "ea4da3bc5fb02cac75cf4d09767ce5d8", "testCaseId": "ea4da3bc5fb02cac75cf4d09767ce5d8", "fullName": "test_admin#test_search_admin", "labels": [{"name": "suite", "value": "test_admin"}, {"name": "host", "value": "Lao-Lao-Mac.local"}, {"name": "thread", "value": "6598-MainThread"}, {"name": "framework", "value": "pytest"}, {"name": "language", "value": "cpython3"}, {"name": "package", "value": "test_admin"}]}