{"name": "test_download_file", "status": "broken", "statusDetails": {"message": "selenium.common.exceptions.TimeoutException: Message: \nStacktrace:\n0   chromedriver                        0x00000001031f4708 cxxbridge1$str$ptr + 2729312\n1   chromedriver                        0x00000001031ec96c cxxbridge1$str$ptr + 2697156\n2   chromedriver                        0x0000000102d3e728 cxxbridge1$string$len + 90444\n3   chromedriver                        0x0000000102d859b8 cxxbridge1$string$len + 381916\n4   chromedriver                        0x0000000102dc70c4 cxxbridge1$string$len + 649960\n5   chromedriver                        0x0000000102d79bc0 cxxbridge1$string$len + 333284\n6   chromedriver                        0x00000001031b8298 cxxbridge1$str$ptr + 2482416\n7   chromedriver                        0x00000001031bb52c cxxbridge1$str$ptr + 2495364\n8   chromedriver                        0x0000000103199ae0 cxxbridge1$str$ptr + 2357560\n9   chromedriver                        0x00000001031bbdb4 cxxbridge1$str$ptr + 2497548\n10  chromedriver                        0x000000010318adec cxxbridge1$str$ptr + 2296900\n11  chromedriver                        0x00000001031dbc4c cxxbridge1$str$ptr + 2628260\n12  chromedriver                        0x00000001031dbdd8 cxxbridge1$str$ptr + 2628656\n13  chromedriver                        0x00000001031ec5b8 cxxbridge1$str$ptr + 2696208\n14  libsystem_pthread.dylib             0x00000001893a6c0c _pthread_start + 136\n15  libsystem_pthread.dylib             0x00000001893a1b80 thread_start + 8", "trace": "tmp_path = PosixPath('/private/var/folders/__/jvrrwqhn1tz0mw2pbqpqc3mm0000gn/T/pytest-of-user/pytest-3/test_download_file0')\n\n    def test_download_file(tmp_path):\n        #use temporary folder\n        download_dir = str(tmp_path)\n    \n        chrome_option = Options()\n        chrome_option.add_experimental_option(\"prefs\", {\n            \"download.default_directory\":download_dir,\n            \"download.prompt_for_download\":False,\n            \"safebrowsing.enabled\":True\n        })\n        service = Service(\"/Users/user/Downloads/chromedriver-mac-arm64 3/chromedriver\")\n        driver = webdriver.Chrome(service=service, options= chrome_option)\n    \n        wait = WebDriverWait(driver,10)\n        try:\n            driver.get(\"https://opensource-demo.orangehrmlive.com/web/index.php/auth/login\")\n            name = wait.until(EC.visibility_of_element_located((By.NAME, \"username\")))\n            name.send_keys(\"Admin\")\n            pword = wait.until(EC.visibility_of_element_located((By.NAME, \"password\")))\n            pword.send_keys(\"admin123\")\n            login_btn = wait.until(EC.element_to_be_clickable((By.XPATH, \"//button[@type='submit']\")))\n            login_btn.click()\n    \n            time.sleep(3)\n            driver.get(\"https://opensource-demo.orangehrmlive.com/web/index.php/pim/viewPersonalDetails/empNumber/128\")\n    \n            time.sleep(5)\n>           download_button = wait.until(EC.element_to_be_clickable((By.XPATH, \"//i[@class='oxd-icon bi-download']\")))\n                              ^^^^^^^^^^^^^^^^^^^^^^^^^^^^^^^^^^^^^^^^^^^^^^^^^^^^^^^^^^^^^^^^^^^^^^^^^^^^^^^^^^^^^^^^\n\ntest_PIM.py:193: \n_ _ _ _ _ _ _ _ _ _ _ _ _ _ _ _ _ _ _ _ _ _ _ _ _ _ _ _ _ _ _ _ _ _ _ _ _ _ _ _ \n\nself = <selenium.webdriver.support.wait.WebDriverWait (session=\"91e275d8413b414de5b29e8f1a16c3e9\")>\nmethod = <function element_to_be_clickable.<locals>._predicate at 0x104a8cb80>\nmessage = ''\n\n    def until(self, method: Callable[[D], Union[Literal[False], T]], message: str = \"\") -> T:\n        \"\"\"Wait until the method returns a value that is not False.\n    \n        Calls the method provided with the driver as an argument until the\n        return value does not evaluate to ``False``.\n    \n        Parameters:\n        -----------\n        method: callable(WebDriver)\n            - A callable object that takes a WebDriver instance as an argument.\n    \n        message: str\n            - Optional message for :exc:`TimeoutException`\n    \n        Return:\n        -------\n        object: T\n            - The result of the last call to `method`\n    \n        Raises:\n        -------\n        TimeoutException\n            - If 'method' does not return a truthy value within the WebDriverWait\n            object's timeout\n    \n        Example:\n        --------\n        >>> from selenium.webdriver.common.by import By\n        >>> from selenium.webdriver.support.ui import WebDriverWait\n        >>> from selenium.webdriver.support import expected_conditions as EC\n    \n        # Wait until an element is visible on the page\n        >>> wait = WebDriverWait(driver, 10)\n        >>> element = wait.until(EC.visibility_of_element_located((By.ID, \"exampleId\")))\n        >>> print(element.text)\n        \"\"\"\n        screen = None\n        stacktrace = None\n    \n        end_time = time.monotonic() + self._timeout\n        while True:\n            try:\n                value = method(self._driver)\n                if value:\n                    return value\n            except self._ignored_exceptions as exc:\n                screen = getattr(exc, \"screen\", None)\n                stacktrace = getattr(exc, \"stacktrace\", None)\n            if time.monotonic() > end_time:\n                break\n            time.sleep(self._poll)\n>       raise TimeoutException(message, screen, stacktrace)\nE       selenium.common.exceptions.TimeoutException: Message: \nE       Stacktrace:\nE       0   chromedriver                        0x00000001031f4708 cxxbridge1$str$ptr + 2729312\nE       1   chromedriver                        0x00000001031ec96c cxxbridge1$str$ptr + 2697156\nE       2   chromedriver                        0x0000000102d3e728 cxxbridge1$string$len + 90444\nE       3   chromedriver                        0x0000000102d859b8 cxxbridge1$string$len + 381916\nE       4   chromedriver                        0x0000000102dc70c4 cxxbridge1$string$len + 649960\nE       5   chromedriver                        0x0000000102d79bc0 cxxbridge1$string$len + 333284\nE       6   chromedriver                        0x00000001031b8298 cxxbridge1$str$ptr + 2482416\nE       7   chromedriver                        0x00000001031bb52c cxxbridge1$str$ptr + 2495364\nE       8   chromedriver                        0x0000000103199ae0 cxxbridge1$str$ptr + 2357560\nE       9   chromedriver                        0x00000001031bbdb4 cxxbridge1$str$ptr + 2497548\nE       10  chromedriver                        0x000000010318adec cxxbridge1$str$ptr + 2296900\nE       11  chromedriver                        0x00000001031dbc4c cxxbridge1$str$ptr + 2628260\nE       12  chromedriver                        0x00000001031dbdd8 cxxbridge1$str$ptr + 2628656\nE       13  chromedriver                        0x00000001031ec5b8 cxxbridge1$str$ptr + 2696208\nE       14  libsystem_pthread.dylib             0x00000001893a6c0c _pthread_start + 136\nE       15  libsystem_pthread.dylib             0x00000001893a1b80 thread_start + 8\n\n.venv/lib/python3.13/site-packages/selenium/webdriver/support/wait.py:138: TimeoutException"}, "start": 1751688965975, "stop": 1751688991119, "uuid": "8462e347-9b20-4614-b21c-8fde52aaef22", "historyId": "dfec89fcc77094997c011b22c60d3961", "testCaseId": "dfec89fcc77094997c011b22c60d3961", "fullName": "test_PIM#test_download_file", "labels": [{"name": "suite", "value": "test_PIM"}, {"name": "host", "value": "Lao-Lao-Mac.local"}, {"name": "thread", "value": "7776-MainThread"}, {"name": "framework", "value": "pytest"}, {"name": "language", "value": "cpython3"}, {"name": "package", "value": "test_PIM"}]}